#
# There is insufficient memory for the Java Runtime Environment to continue.
# Native memory allocation (malloc) failed to allocate 32744 bytes for ChunkPool::allocate
# Possible reasons:
#   The system is out of physical RAM or swap space
#   In 32 bit mode, the process size limit was hit
# Possible solutions:
#   Reduce memory load on the system
#   Increase physical memory or swap space
#   Check if swap backing store is full
#   Use 64 bit Java on a 64 bit OS
#   Decrease Java heap size (-Xmx/-Xms)
#   Decrease number of Java threads
#   Decrease Java thread stack sizes (-Xss)
#   Set larger code cache with -XX:ReservedCodeCacheSize=
# This output file may be truncated or incomplete.
#
#  Out of Memory Error (allocation.cpp:273), pid=12264, tid=0x0000000000004284
#
# JRE version: Java(TM) SE Runtime Environment (8.0_111-b14) (build 1.8.0_111-b14)
# Java VM: Java HotSpot(TM) 64-Bit Server VM (25.111-b14 mixed mode windows-amd64 compressed oops)
# Failed to write core dump. Minidumps are not enabled by default on client versions of Windows
#

---------------  T H R E A D  ---------------

Current thread (0x000000001f041000):  JavaThread "C2 CompilerThread1" daemon [_thread_in_native, id=17028, stack(0x000000001fa50000,0x000000001fb50000)]

Stack: [0x000000001fa50000,0x000000001fb50000]
[error occurred during error reporting (printing stack bounds), id 0xc0000005]

Native frames: (J=compiled Java code, j=interpreted, Vv=VM code, C=native code)


Current CompileTask:
C2:    629  475       4       org.jacoco.agent.rt.internal_3570298.asm.commons.AnalyzerAdapter::execute (2009 bytes)


---------------  P R O C E S S  ---------------

Java Threads: ( => current thread )
  0x00000000202d6800 JavaThread "surefire-forkedjvm-ping-30s" daemon [_thread_in_native, id=4004, stack(0x0000000021020000,0x0000000021120000)]
  0x000000001f421000 JavaThread "surefire-forkedjvm-command-thread" daemon [_thread_in_native, id=6116, stack(0x0000000020f20000,0x0000000021020000)]
  0x000000001f098000 JavaThread "Service Thread" daemon [_thread_blocked, id=8484, stack(0x000000001fd50000,0x000000001fe50000)]
  0x000000001f097000 JavaThread "C1 CompilerThread3" daemon [_thread_in_native, id=12952, stack(0x000000001fc50000,0x000000001fd50000)]
  0x000000001f041800 JavaThread "C2 CompilerThread2" daemon [_thread_in_native, id=11680, stack(0x000000001fb50000,0x000000001fc50000)]
=>0x000000001f041000 JavaThread "C2 CompilerThread1" daemon [_thread_in_native, id=17028, stack(0x000000001fa50000,0x000000001fb50000)]
  0x000000001e9dd000 JavaThread "C2 CompilerThread0" daemon [_thread_in_native, id=13552, stack(0x000000001f950000,0x000000001fa50000)]
  0x000000001e60b800 JavaThread "Attach Listener" daemon [_thread_blocked, id=14100, stack(0x000000001ed10000,0x000000001ee10000)]
  0x000000001e608800 JavaThread "Signal Dispatcher" daemon [_thread_blocked, id=16768, stack(0x000000001ec10000,0x000000001ed10000)]
  0x0000000002ca9800 JavaThread "Finalizer" daemon [_thread_blocked, id=4208, stack(0x000000001e9e0000,0x000000001eae0000)]
  0x0000000002ca8000 JavaThread "Reference Handler" daemon [_thread_blocked, id=4928, stack(0x000000001e4e0000,0x000000001e5e0000)]
  0x0000000002bb2800 JavaThread "main" [_thread_in_Java, id=14372, stack(0x0000000002860000,0x0000000002960000)]

Other Threads:
  0x000000001c709800 VMThread [stack: 0x000000001e3e0000,0x000000001e4e0000] [id=13176]
  0x000000001f0a8800 WatcherThread [stack: 0x000000001fe50000,0x000000001ff50000] [id=9436]

VM state:not at safepoint (normal execution)

VM Mutex/Monitor currently owned by a thread: None

Heap:
 PSYoungGen      total 76288K, used 38128K [0x000000076b180000, 0x0000000770680000, 0x00000007c0000000)
  eden space 65536K, 58% used [0x000000076b180000,0x000000076d6bc138,0x000000076f180000)
  from space 10752K, 0% used [0x000000076fc00000,0x000000076fc00000,0x0000000770680000)
  to   space 10752K, 0% used [0x000000076f180000,0x000000076f180000,0x000000076fc00000)
 ParOldGen       total 175104K, used 0K [0x00000006c1400000, 0x00000006cbf00000, 0x000000076b180000)
  object space 175104K, 0% used [0x00000006c1400000,0x00000006c1400000,0x00000006cbf00000)
 Metaspace       used 7562K, capacity 7722K, committed 7808K, reserved 1056768K
  class space    used 820K, capacity 889K, committed 896K, reserved 1048576K

Card table byte_map: [0x0000000012070000,0x0000000012870000] byte_map_base: 0x000000000ea66000

Marking Bits: (ParMarkBitMap*) 0x000000006340a6c0
 Begin Bits: [0x00000000135c0000, 0x0000000017570000)
 End Bits:   [0x0000000017570000, 0x000000001b520000)

Polling page: 0x0000000002760000

CodeCache: size=245760Kb used=3467Kb max_used=3467Kb free=242292Kb
 bounds [0x0000000002cb0000, 0x0000000003020000, 0x0000000011cb0000]
 total_blobs=1113 nmethods=783 adapters=243
 compilation: enabled

Compilation events (10 events):
Event: 0.618 Thread 0x000000001f097000 nmethod 785 0x0000000003012bd0 code [0x0000000003012d40, 0x0000000003012ee8]
Event: 0.618 Thread 0x000000001f097000  786   !   2       sun.misc.URLClassPath$JarLoader::ensureOpen (32 bytes)
Event: 0.618 Thread 0x000000001f097000 nmethod 786 0x0000000003012f90 code [0x0000000003013100, 0x0000000003013348]
Event: 0.618 Thread 0x000000001f097000  787       1       java.lang.StringCoding$StringDecoder::requestedCharsetName (5 bytes)
Event: 0.618 Thread 0x000000001f097000 nmethod 787 0x0000000003013490 code [0x00000000030135e0, 0x00000000030136f0]
Event: 0.621 Thread 0x000000001f097000  789       3       org.jacoco.agent.rt.internal_3570298.asm.ByteVector::enlarge (51 bytes)
Event: 0.621 Thread 0x000000001f097000 nmethod 789 0x0000000003013750 code [0x00000000030138c0, 0x0000000003013be8]
Event: 0.621 Thread 0x000000001f097000  790       3       org.jacoco.agent.rt.internal_3570298.asm.AnnotationWriter::visitEnd (44 bytes)
Event: 0.622 Thread 0x000000001f097000 nmethod 790 0x0000000003013cd0 code [0x0000000003013e40, 0x0000000003014030]
Event: 0.624 Thread 0x000000001f097000  791       3       org.jacoco.agent.rt.internal_3570298.asm.ClassReader::readField (667 bytes)

GC Heap History (0 events):
No events

Deoptimization events (6 events):
Event: 0.396 Thread 0x0000000002bb2800 Uncommon trap: reason=unstable_if action=reinterpret pc=0x0000000002dd9a24 method=sun.misc.URLClassPath.getLoader(I)Lsun/misc/URLClassPath$Loader; @ 36
Event: 0.396 Thread 0x0000000002bb2800 Uncommon trap: reason=unstable_if action=reinterpret pc=0x0000000002dd690c method=sun.misc.URLClassPath.getLoader(I)Lsun/misc/URLClassPath$Loader; @ 36
Event: 0.431 Thread 0x0000000002bb2800 Uncommon trap: reason=unstable_if action=reinterpret pc=0x0000000002f190f0 method=java.lang.String.indexOf([CII[CIII)I @ 134
Event: 0.498 Thread 0x0000000002bb2800 Uncommon trap: reason=unstable_if action=reinterpret pc=0x0000000002ea16d4 method=org.jacoco.agent.rt.internal_3570298.asm.MethodVisitor.visitLineNumber(ILorg/jacoco/agent/rt/internal_3570298/asm/Label;)V @ 4
Event: 0.498 Thread 0x0000000002bb2800 Uncommon trap: reason=unstable_if action=reinterpret pc=0x0000000002f08ca0 method=org.jacoco.agent.rt.internal_3570298.asm.MethodVisitor.visitMethodInsn(ILjava/lang/String;Ljava/lang/String;Ljava/lang/String;Z)V @ 58
Event: 0.562 Thread 0x0000000002bb2800 Uncommon trap: reason=unstable_if action=reinterpret pc=0x0000000002f094d4 method=org.jacoco.agent.rt.internal_3570298.asm.MethodVisitor.visitVarInsn(II)V @ 4

Internal exceptions (10 events):
Event: 0.396 Thread 0x0000000002bb2800 Exception <a 'java/security/PrivilegedActionException'> (0x000000076c6b58d8) thrown at [C:\re\workspace\8-2-build-windows-amd64-cygwin\jdk8u111\7883\hotspot\src\share\vm\prims\jvm.cpp, line 1386]
Event: 0.396 Thread 0x0000000002bb2800 Exception <a 'java/security/PrivilegedActionException'> (0x000000076c6b5cd0) thrown at [C:\re\workspace\8-2-build-windows-amd64-cygwin\jdk8u111\7883\hotspot\src\share\vm\prims\jvm.cpp, line 1386]
Event: 0.397 Thread 0x0000000002bb2800 Exception <a 'java/security/PrivilegedActionException'> (0x000000076c6b9f88) thrown at [C:\re\workspace\8-2-build-windows-amd64-cygwin\jdk8u111\7883\hotspot\src\share\vm\prims\jvm.cpp, line 1386]
Event: 0.397 Thread 0x0000000002bb2800 Exception <a 'java/security/PrivilegedActionException'> (0x000000076c6ba380) thrown at [C:\re\workspace\8-2-build-windows-amd64-cygwin\jdk8u111\7883\hotspot\src\share\vm\prims\jvm.cpp, line 1386]
Event: 0.597 Thread 0x0000000002bb2800 Exception <a 'java/lang/NoSuchFieldError': method resolution failed> (0x000000076d3dada0) thrown at [C:\re\workspace\8-2-build-windows-amd64-cygwin\jdk8u111\7883\hotspot\src\share\vm\prims\methodHandles.cpp, line 1146]
Event: 0.598 Thread 0x0000000002bb2800 Exception <a 'java/lang/NoSuchFieldError': method resolution failed> (0x000000076d3e8d30) thrown at [C:\re\workspace\8-2-build-windows-amd64-cygwin\jdk8u111\7883\hotspot\src\share\vm\prims\methodHandles.cpp, line 1146]
Event: 0.612 Thread 0x0000000002bb2800 Implicit null exception at 0x0000000002fb6c58 to 0x0000000002fb748e
Event: 0.612 Thread 0x0000000002bb2800 Exception <a 'java/lang/NullPointerException'> (0x000000076d47e930) thrown at [C:\re\workspace\8-2-build-windows-amd64-cygwin\jdk8u111\7883\hotspot\src\share\vm\runtime\sharedRuntime.cpp, line 605]
Event: 0.614 Thread 0x0000000002bb2800 Implicit null exception at 0x0000000002fb6c58 to 0x0000000002fb748e
Event: 0.614 Thread 0x0000000002bb2800 Exception <a 'java/lang/NullPointerException'> (0x000000076d489218) thrown at [C:\re\workspace\8-2-build-windows-amd64-cygwin\jdk8u111\7883\hotspot\src\share\vm\runtime\sharedRuntime.cpp, line 605]

Events (10 events):
Event: 0.617 loading class org/junit/jupiter/engine/JupiterTestEngine
Event: 0.617 loading class org/junit/jupiter/engine/JupiterTestEngine done
Event: 0.620 loading class org/junit/platform/engine/support/hierarchical/HierarchicalTestEngine
Event: 0.620 loading class org/junit/platform/engine/support/hierarchical/HierarchicalTestEngine done
Event: 0.622 loading class org/junit/platform/engine/support/hierarchical/HierarchicalTestExecutorService
Event: 0.622 loading class org/junit/platform/engine/support/hierarchical/HierarchicalTestExecutorService done
Event: 0.622 Thread 0x0000000002bb2800 DEOPT PACKING pc=0x0000000002f55eb6 sp=0x000000000295b660
Event: 0.622 Thread 0x0000000002bb2800 DEOPT UNPACKING pc=0x0000000002cf787f sp=0x000000000295b338 mode 0
Event: 0.623 loading class org/junit/jupiter/engine/config/JupiterConfiguration
Event: 0.623 loading class org/junit/jupiter/engine/config/JupiterConfiguration done


Dynamic libraries:
0x00007ff66b640000 - 0x00007ff66b677000 	C:\Program Files\Java\jdk1.8.0_111\jre\bin\java.exe
0x00007ffa5e4f0000 - 0x00007ffa5e6e7000 	C:\WINDOWS\SYSTEM32\ntdll.dll
0x00007ffa5d300000 - 0x00007ffa5d3bd000 	C:\WINDOWS\System32\KERNEL32.DLL
0x00007ffa5be10000 - 0x00007ffa5c106000 	C:\WINDOWS\System32\KERNELBASE.dll
0x00007ffa5e2d0000 - 0x00007ffa5e37e000 	C:\WINDOWS\System32\ADVAPI32.dll
0x00007ffa5d260000 - 0x00007ffa5d2fe000 	C:\WINDOWS\System32\msvcrt.dll
0x00007ffa5d090000 - 0x00007ffa5d12c000 	C:\WINDOWS\System32\sechost.dll
0x00007ffa5d130000 - 0x00007ffa5d256000 	C:\WINDOWS\System32\RPCRT4.dll
0x00007ffa5cef0000 - 0x00007ffa5d08e000 	C:\WINDOWS\System32\USER32.dll
0x00007ffa5c460000 - 0x00007ffa5c482000 	C:\WINDOWS\System32\win32u.dll
0x00007ffa5e380000 - 0x00007ffa5e3ac000 	C:\WINDOWS\System32\GDI32.dll
0x00007ffa5bcf0000 - 0x00007ffa5be0a000 	C:\WINDOWS\System32\gdi32full.dll
0x00007ffa5c160000 - 0x00007ffa5c1fd000 	C:\WINDOWS\System32\msvcp_win.dll
0x00007ffa5c200000 - 0x00007ffa5c300000 	C:\WINDOWS\System32\ucrtbase.dll
0x00007ffa48db0000 - 0x00007ffa4904a000 	C:\WINDOWS\WinSxS\amd64_microsoft.windows.common-controls_6595b64144ccf1df_6.0.19041.3570_none_60bb2a3971f3e41a\COMCTL32.dll
0x00007ffa5ca30000 - 0x00007ffa5ca60000 	C:\WINDOWS\System32\IMM32.DLL
0x00000000639a0000 - 0x0000000063a72000 	C:\Program Files\Java\jdk1.8.0_111\jre\bin\msvcr100.dll
0x0000000062bf0000 - 0x000000006348a000 	C:\Program Files\Java\jdk1.8.0_111\jre\bin\server\jvm.dll
0x00007ffa5dcc0000 - 0x00007ffa5dcc8000 	C:\WINDOWS\System32\PSAPI.DLL
0x00007ffa4c620000 - 0x00007ffa4c629000 	C:\WINDOWS\SYSTEM32\WSOCK32.dll
0x00007ffa4e960000 - 0x00007ffa4e987000 	C:\WINDOWS\SYSTEM32\WINMM.dll
0x00007ffa50ac0000 - 0x00007ffa50aca000 	C:\WINDOWS\SYSTEM32\VERSION.dll
0x00007ffa5ce80000 - 0x00007ffa5ceeb000 	C:\WINDOWS\System32\WS2_32.dll
0x0000000063990000 - 0x000000006399f000 	C:\Program Files\Java\jdk1.8.0_111\jre\bin\verify.dll
0x0000000063960000 - 0x0000000063989000 	C:\Program Files\Java\jdk1.8.0_111\jre\bin\java.dll
0x00000000637b0000 - 0x00000000637d3000 	C:\Program Files\Java\jdk1.8.0_111\jre\bin\instrument.dll
0x0000000063940000 - 0x0000000063956000 	C:\Program Files\Java\jdk1.8.0_111\jre\bin\zip.dll
0x00007ffa5d570000 - 0x00007ffa5dcb4000 	C:\WINDOWS\System32\SHELL32.dll
0x00007ffa59c40000 - 0x00007ffa5a3db000 	C:\WINDOWS\SYSTEM32\windows.storage.dll
0x00007ffa5c6d0000 - 0x00007ffa5ca24000 	C:\WINDOWS\System32\combase.dll
0x00007ffa5b5e0000 - 0x00007ffa5b60d000 	C:\WINDOWS\SYSTEM32\Wldp.dll
0x00007ffa5ca60000 - 0x00007ffa5cb0d000 	C:\WINDOWS\System32\SHCORE.dll
0x00007ffa5cd40000 - 0x00007ffa5cd95000 	C:\WINDOWS\System32\shlwapi.dll
0x00007ffa5bad0000 - 0x00007ffa5baf5000 	C:\WINDOWS\SYSTEM32\profapi.dll
0x0000000063920000 - 0x000000006393a000 	C:\Program Files\Java\jdk1.8.0_111\jre\bin\net.dll
0x00007ffa5b340000 - 0x00007ffa5b3aa000 	C:\WINDOWS\system32\mswsock.dll
0x00007ffa4c590000 - 0x00007ffa4c5a7000 	C:\WINDOWS\system32\napinsp.dll
0x00007ffa4c570000 - 0x00007ffa4c58b000 	C:\WINDOWS\system32\pnrpnsp.dll
0x00007ffa37470000 - 0x00007ffa37485000 	C:\WINDOWS\system32\wshbth.dll
0x00007ffa57000000 - 0x00007ffa5701d000 	C:\WINDOWS\system32\NLAapi.dll
0x00007ffa5afc0000 - 0x00007ffa5affb000 	C:\WINDOWS\SYSTEM32\IPHLPAPI.DLL
0x00007ffa5b020000 - 0x00007ffa5b0ea000 	C:\WINDOWS\SYSTEM32\DNSAPI.dll
0x00007ffa5e260000 - 0x00007ffa5e268000 	C:\WINDOWS\System32\NSI.dll
0x00007ffa4c530000 - 0x00007ffa4c542000 	C:\WINDOWS\System32\winrnr.dll
0x00007ffa50bd0000 - 0x00007ffa50bda000 	C:\Windows\System32\rasadhlp.dll
0x00007ffa52e40000 - 0x00007ffa52ec2000 	C:\WINDOWS\System32\fwpuclnt.dll
0x00007ffa5bba0000 - 0x00007ffa5bbc7000 	C:\WINDOWS\System32\bcrypt.dll
0x0000000063900000 - 0x0000000063911000 	C:\Program Files\Java\jdk1.8.0_111\jre\bin\nio.dll
0x00000000638c0000 - 0x00000000638cd000 	C:\Program Files\Java\jdk1.8.0_111\jre\bin\management.dll

VM Arguments:
jvm_args: -javaagent:C:\\Users\\Z4RGA\\.m2\\repository\\org\\jacoco\\org.jacoco.agent\\0.8.7\\org.jacoco.agent-0.8.7-runtime.jar=destfile=D:\\Achat\\target\\jacoco.exec 
java_command: C:\Users\Z4RGA\AppData\Local\Temp\surefire548418722913151891\surefirebooter4945835773810826943.jar C:\Users\Z4RGA\AppData\Local\Temp\surefire548418722913151891 2023-11-06T17-01-04_887-jvmRun1 surefire5864766135046939730tmp surefire_08462189167257195445tmp
java_class_path (initial): C:\Users\Z4RGA\AppData\Local\Temp\surefire548418722913151891\surefirebooter4945835773810826943.jar;C:\\Users\\Z4RGA\\.m2\\repository\\org\\jacoco\\org.jacoco.agent\\0.8.7\\org.jacoco.agent-0.8.7-runtime.jar
Launcher Type: SUN_STANDARD

Environment Variables:
JAVA_HOME=D:\Products\Java
CLASSPATH=.;E:\QuickTime\QTSystem\QTJava.zip
PATH=C:\Program Files (x86)\Microsoft SDKs\Azure\CLI2\wbin;C:\xampp\php;C:\Python39\Scripts\;C:\Python39\;C:\ProgramData\Oracle\Java\javapath;C:\Program Files (x86)\Common Files\Oracle\Java\javapath;C:\Windows\system32;C:\Windows;C:\Windows\System32\Wbem;C:\Windows\System32\WindowsPowerShell\v1.0\;C:\Windows\System32\OpenSSH\;C:\Program Files (x86)\NVIDIA Corporation\PhysX\Common;C:\\Python27\\python.exe;C:\WINDOWS\system32;C:\WINDOWS;C:\WINDOWS\System32\Wbem;C:\WINDOWS\System32\WindowsPowerShell\v1.0\;C:\WINDOWS\System32\OpenSSH\;C:\Users\Z4RGA\AppData\Local\Programs\Python\Python38\Scripts;C:\Users\Z4RGA\AppData\Local\Programs\Python\Python38;C:\Program Files\dotnet\;D:\apache-maven-3.8.3-bin\apache-maven-3.8.3;C:\ProgramData\ComposerSetup\bin;D:\Program Files\Git\cmd;D:\Program Files\Git\mingw64\bin;D:\Program Files\Git\usr\bin;C:\Program Files (x86)\dotnet\;E:\QuickTime\QTSystem\;E:\Program Files\nodejs\;E:\HashiCorp\Vagrant\bin;C:\Users\Z4RGA\scoop\shims;D:\Program Files (x86)\Cracklock\Bin;C:\Users\Z4RGA\AppData\Local\Microsoft\WindowsApps;C:\Users\Z4RGA\AppData\Local\Programs\Microsoft VS Code\bin;C:\Users\Z4RGA\.dotnet\tools;C:\Program Files\JetBrains\PhpStorm 2021.3.3\bin;;C:\Users\Z4RGA\AppData\Roaming\Composer\vendor\bin;D:\Products\Java\bin;C:\xampp\php;C:\Users\Z4RGA\AppData\Roaming\npm
USERNAME=Z4RGA
OS=Windows_NT
PROCESSOR_IDENTIFIER=Intel64 Family 6 Model 94 Stepping 3, GenuineIntel



---------------  S Y S T E M  ---------------

OS: Windows 10.0 , 64 bit Build 19041 (10.0.19041.3570)

CPU:total 8 (4 cores per cpu, 2 threads per core) family 6 model 94 stepping 3, cmov, cx8, fxsr, mmx, sse, sse2, sse3, ssse3, sse4.1, sse4.2, popcnt, avx, avx2, aes, clmul, erms, rtm, 3dnowpref, lzcnt, ht, tsc, tscinvbit, bmi1, bmi2, adx

Memory: 4k page, physical 16689528k(1161976k free), swap 21611200k(3648k free)

vm_info: Java HotSpot(TM) 64-Bit Server VM (25.111-b14) for windows-amd64 JRE (1.8.0_111-b14), built on Sep 22 2016 19:24:05 by "java_re" with MS VC++ 10.0 (VS2010)

time: Mon Nov 06 17:01:05 2023
elapsed time: 0 seconds (0d 0h 0m 0s)

